$GPGLL,3331.936,N,12948.50,E,082700.07,A*33
$GPWPL,3343.03,N,12954.19,E,OILRIG_DEST*03
$GPHDT,00.97,T*3B
$INMTW,28.1,C*1F
$GPR00,OILRIG_DEST,,,,,,,,,,,,,*0A
$GPGLL,3334.44,N,12948.55,E,083200.12,A*0F
$GPWPL,3343.03,N,12954.19,E,OILRIG_DEST*03
$GPHDT,359.26,T*0E
$INMTW,28.2,C*1C
$GPGLL,3337.45,N,12948.51,E,08370021,A*22
$GPWPL,3343.03,N,12954.19,E,OILRIG_DEST*03
$GPHDT,10.82,T*3E
$INMTW,28.3,C*1D
$GPR00,OILRIG_DEST,,,,,,,,,,,,,*0A
$GPGLL,3339.78,N,12949.04,E,084200.03,A*0F
$GPWPL,3343.03,N,12954.19,E,OILRIG_DEST*03
$GPHDT,45.51,T*30
$INMTW,28.2,C*1C
$GPGLL,3341.35,N,12950.96,E,084700.15,A*08
$GPWPL,3343.03,N,12954.19,E,OILRIG_DEST*03
$GPHDT,57.95,T*3B
$INMTW,28.1,C*1F
$GPR00,OILRIG_DEST,,,,,,,,,,,,,*0A
$GPGLL,3341.35,N,12950.96,E,085200.19,A*00
$GPWPL,3343.03,N,12954.19,E,OILRIG_DEST*03
$GPHDT,57.95,T*3B
$INMTW,28.1,C*1F
$GPGLL,3341.35,N,12950.96,E,085700.14,A*08
$GPWPL,3343.03,N,12954.19,E,OILRIG_DEST*03
$GPHDT,57.95,T*3B
$INMTW,28.1,C*1F
